2026-04-16 17:47:15.684: [INFO][Sync] Reset engine, reason: 8
2026-04-16 17:47:15.684: [INFO][Sync] Stopped: Bookmarks
2026-04-16 17:47:15.684: [INFO][Sync] Stopped: Preferences
2026-04-16 17:47:15.684: [INFO][Sync] Stopped: Passwords
2026-04-16 17:47:15.684: [INFO][Sync] Stopped: Autofill Profiles
2026-04-16 17:47:15.684: [INFO][Sync] Stopped: Autofill
2026-04-16 17:47:15.684: [INFO][Sync] Stopped: Extensions
2026-04-16 17:47:15.684: [INFO][Sync] Stopped: Sessions
2026-04-16 17:47:15.684: [INFO][Sync] Stopped: Extension settings
2026-04-16 17:47:15.684: [INFO][Sync] Stopped: History Delete Directives
2026-04-16 17:47:15.684: [INFO][Sync] Stopped: Device Info
2026-04-16 17:47:15.684: [INFO][Sync] Stopped: User Consents
2026-04-16 17:47:15.684: [INFO][Sync] Stopped: Send Tab To Self
2026-04-16 17:47:15.684: [INFO][Sync] Stopped: Web Apps
2026-04-16 17:47:15.684: [INFO][Sync] Stopped: History
2026-04-16 17:47:15.684: [INFO][Sync] Stopped: Saved Tab Group
2026-04-16 17:47:15.684: [INFO][Sync] Stopped: WebAuthn Credentials
2026-04-16 17:47:15.684: [INFO][Sync] Stopped: Collection
2026-04-16 17:47:15.684: [INFO][Sync] Stopped: Edge E Drop
2026-04-16 17:47:15.684: [INFO][Sync] Stopped: Edge Hub App Usage
2026-04-16 17:47:15.684: [INFO][Sync] Stopped: Edge Wallet
2026-04-16 17:47:15.684: [INFO][Sync] Stopped: Edge Workspace
2026-04-16 17:47:15.685: [INFO][Sync] SyncState after authenticated was: NotSignedIn
2026-04-16 17:47:15.874: [INFO][Sync] Reset engine, reason: 8
2026-04-16 17:47:15.874: [INFO][Sync] Stopped: Bookmarks
2026-04-16 17:47:15.874: [INFO][Sync] Stopped: Preferences
2026-04-16 17:47:15.874: [INFO][Sync] Stopped: Passwords
2026-04-16 17:47:15.874: [INFO][Sync] Stopped: Autofill Profiles
2026-04-16 17:47:15.874: [INFO][Sync] Stopped: Autofill
2026-04-16 17:47:15.874: [INFO][Sync] Stopped: Extensions
2026-04-16 17:47:15.874: [INFO][Sync] Stopped: Sessions
2026-04-16 17:47:15.874: [INFO][Sync] Stopped: Extension settings
2026-04-16 17:47:15.874: [INFO][Sync] Stopped: History Delete Directives
2026-04-16 17:47:15.874: [INFO][Sync] Stopped: Device Info
2026-04-16 17:47:15.874: [INFO][Sync] Stopped: User Consents
2026-04-16 17:47:15.874: [INFO][Sync] Stopped: Send Tab To Self
2026-04-16 17:47:15.874: [INFO][Sync] Stopped: Web Apps
2026-04-16 17:47:15.874: [INFO][Sync] Stopped: History
2026-04-16 17:47:15.874: [INFO][Sync] Stopped: Saved Tab Group
2026-04-16 17:47:15.874: [INFO][Sync] Stopped: WebAuthn Credentials
2026-04-16 17:47:15.874: [INFO][Sync] Stopped: Collection
2026-04-16 17:47:15.874: [INFO][Sync] Stopped: Edge E Drop
2026-04-16 17:47:15.874: [INFO][Sync] Stopped: Edge Hub App Usage
2026-04-16 17:47:15.874: [INFO][Sync] Stopped: Edge Wallet
2026-04-16 17:47:15.874: [INFO][Sync] Stopped: Edge Workspace
2026-04-16 17:47:17.765: [INFO][Sync] Try to start sync engine
2026-04-16 17:47:17.767: [INFO][SyncManagerImpl::NudgeForInitialDownload] Initial download nudge for Encryption Keys
2026-04-16 17:47:17.767: [INFO][SyncEngineBackend::LoadAndConnectNigoriController] Load and connect Nigori controller
2026-04-16 17:47:17.767: [INFO][SyncEngineBackend::DoInitialize] Control Types added: Encryption Keys
2026-04-16 17:47:17.767: [INFO][SyncManagerImpl::ConfigureSyncer] Types to download: Encryption Keys with reason: 3
2026-04-16 17:47:17.768: [INFO][SyncSchedulerImpl::DoConfigurationSyncCycleJob] Configure job was blocked
2026-04-16 17:47:17.937: [INFO][SyncAuthManager::SetLastAuthError] Current auth error: None
2026-04-16 17:47:17.937: [INFO][SyncAuthManager::EdgeLogTokenErrorState] Token error with: None for account type: MSA
2026-04-16 17:47:17.937: [INFO][Sync] Credentials changed for: EdgeSyncScopeNew
2026-04-16 17:47:18.622: [INFO][SyncAuthManager::SetLastAuthError] Current auth error: None
2026-04-16 17:47:18.623: [INFO][SyncAuthManager::EdgeLogTokenErrorState] Token error with: None for account type: MSA
2026-04-16 17:47:18.623: [INFO][Sync] Credentials changed for: EdgeSyncKeyDataScope
2026-04-16 17:47:18.623: [INFO][SyncEngineBackend::DoUpdateKeyDataCredentials] Update key data credentials
2026-04-16 17:47:18.623: [INFO][SyncEngineBackend::DoUpdateCredentials] Update credentials
2026-04-16 17:47:18.623: [INFO][SyncSchedulerImpl::DoConfigurationSyncCycleJob] Blocked types:  and types to download: Encryption Keys
2026-04-16 17:47:19.187: [INFO][Sync] Started DataTypeManager configuration, reason: 4
2026-04-16 17:47:19.187: [INFO][Sync] Configuring for: Bookmarks, Preferences, Passwords, Autofill Profiles, Autofill, Extensions, Sessions, Extension settings, History Delete Directives, Device Info, User Consents, Send Tab To Self, Web Apps, History, Saved Tab Group, WebAuthn Credentials, Collection, Edge E Drop, Edge Hub App Usage, Edge Wallet, Edge Workspace, Encryption Keys, reason: 3, current state: 0
2026-04-16 17:47:19.187: [WARN][Sync] Crypto error data types: Passwords, Autofill Profiles, Autofill
2026-04-16 17:47:19.190: [INFO][Sync] Configure, desired: Bookmarks, Preferences, Extensions, Sessions, Extension settings, History Delete Directives, Device Info, User Consents, Send Tab To Self, Web Apps, History, Saved Tab Group, WebAuthn Credentials, Collection, Edge E Drop, Edge Hub App Usage, Edge Wallet, Edge Workspace, Encryption Keys; Allow fail: Passwords, Autofill Profiles, Autofill
2026-04-16 17:47:19.190: [INFO][Sync] Loading: Bookmarks
2026-04-16 17:47:19.190: [INFO][Sync] Loading: Preferences
2026-04-16 17:47:19.190: [INFO][Sync] Loading: Extensions
2026-04-16 17:47:19.190: [INFO][Sync] Loading: Sessions
2026-04-16 17:47:19.190: [INFO][Sync] Loading: Extension settings
2026-04-16 17:47:19.190: [INFO][Sync] Loading: History Delete Directives
2026-04-16 17:47:19.190: [INFO][Sync] Loading: Device Info
2026-04-16 17:47:19.190: [INFO][Sync] Loading: User Consents
2026-04-16 17:47:19.190: [INFO][Sync] Loading: Send Tab To Self
2026-04-16 17:47:19.190: [INFO][Sync] Loading: Web Apps
2026-04-16 17:47:19.190: [INFO][Sync] Loading: History
2026-04-16 17:47:19.190: [INFO][Sync] Loading: Saved Tab Group
2026-04-16 17:47:19.190: [INFO][Sync] Loading: WebAuthn Credentials
2026-04-16 17:47:19.190: [INFO][Sync] Loading: Collection
2026-04-16 17:47:19.190: [INFO][Sync] Loading: Edge E Drop
2026-04-16 17:47:19.190: [INFO][Sync] Loading: Edge Hub App Usage
2026-04-16 17:47:19.190: [INFO][Sync] Loading: Edge Wallet
2026-04-16 17:47:19.190: [INFO][Sync] Loading: Edge Workspace
2026-04-16 17:47:19.199: [INFO][Sync] All data types are ready for configure.
2026-04-16 17:48:46.404: [INFO][Sync] SyncState after authenticated was: FeatureNotSetup
2026-04-16 17:48:46.524: [INFO][Sync] Try to start sync engine
2026-04-16 17:48:46.525: [INFO][SyncManagerImpl::NudgeForInitialDownload] Initial download nudge for Encryption Keys
2026-04-16 17:48:46.525: [INFO][SyncEngineBackend::LoadAndConnectNigoriController] Load and connect Nigori controller
2026-04-16 17:48:46.525: [INFO][SyncEngineBackend::DoInitialize] Control Types added: Encryption Keys
2026-04-16 17:48:46.525: [INFO][SyncManagerImpl::ConfigureSyncer] Types to download: Encryption Keys with reason: 3
2026-04-16 17:48:46.525: [INFO][SyncSchedulerImpl::DoConfigurationSyncCycleJob] Configure job was blocked
2026-04-16 17:48:46.694: [INFO][SyncAuthManager::SetLastAuthError] Current auth error: None
2026-04-16 17:48:46.694: [INFO][SyncAuthManager::EdgeLogTokenErrorState] Token error with: None for account type: MSA
2026-04-16 17:48:46.694: [INFO][Sync] Credentials changed for: EdgeSyncScopeNew
2026-04-16 17:48:46.770: [INFO][SyncAuthManager::SetLastAuthError] Current auth error: None
2026-04-16 17:48:46.770: [INFO][SyncAuthManager::EdgeLogTokenErrorState] Token error with: None for account type: MSA
2026-04-16 17:48:46.770: [INFO][Sync] Credentials changed for: EdgeSyncKeyDataScope
2026-04-16 17:48:46.770: [INFO][SyncEngineBackend::DoUpdateKeyDataCredentials] Update key data credentials
2026-04-16 17:48:46.770: [INFO][SyncEngineBackend::DoUpdateCredentials] Update credentials
2026-04-16 17:48:46.770: [INFO][SyncSchedulerImpl::DoConfigurationSyncCycleJob] Blocked types:  and types to download: Encryption Keys
2026-04-16 17:48:47.056: [INFO][Sync] Started DataTypeManager configuration, reason: 4
2026-04-16 17:48:47.056: [INFO][Sync] Configuring for: Extensions, Extension settings, Device Info, User Consents, Send Tab To Self, Web Apps, Encryption Keys, reason: 3, current state: 0
2026-04-16 17:48:47.056: [WARN][Sync] Crypto error data types: 
2026-04-16 17:48:47.058: [INFO][Sync] Configure, desired: Extensions, Extension settings, Device Info, User Consents, Send Tab To Self, Web Apps, Encryption Keys; Allow fail: 
2026-04-16 17:48:47.059: [INFO][Sync] Loading: Extensions
2026-04-16 17:48:47.059: [INFO][Sync] Loading: Extension settings
2026-04-16 17:48:47.059: [INFO][Sync] Loading: Device Info
2026-04-16 17:48:47.059: [INFO][Sync] Loading: User Consents
2026-04-16 17:48:47.059: [INFO][Sync] Loading: Send Tab To Self
2026-04-16 17:48:47.059: [INFO][Sync] Loading: Web Apps
2026-04-16 17:48:47.062: [INFO][Sync] All data types are ready for configure.
2026-04-16 17:58:53.818: [INFO][Sync] SyncState after authenticated was: FeatureNotSetup
2026-04-16 17:58:54.035: [INFO][Sync] Try to start sync engine
2026-04-16 17:58:54.037: [INFO][SyncManagerImpl::NudgeForInitialDownload] Initial download nudge for Encryption Keys
2026-04-16 17:58:54.037: [INFO][SyncEngineBackend::LoadAndConnectNigoriController] Load and connect Nigori controller
2026-04-16 17:58:54.037: [INFO][SyncEngineBackend::DoInitialize] Control Types added: Encryption Keys
2026-04-16 17:58:54.037: [INFO][SyncManagerImpl::ConfigureSyncer] Types to download: Encryption Keys with reason: 3
2026-04-16 17:58:54.037: [INFO][SyncSchedulerImpl::DoConfigurationSyncCycleJob] Configure job was blocked
2026-04-16 17:58:54.245: [INFO][SyncAuthManager::SetLastAuthError] Current auth error: None
2026-04-16 17:58:54.245: [INFO][SyncAuthManager::EdgeLogTokenErrorState] Token error with: None for account type: MSA
2026-04-16 17:58:54.245: [INFO][Sync] Credentials changed for: EdgeSyncScopeNew
