2026-04-16 17:47:15.831: [INFO] VisibilityChanged: 0
2026-04-16 17:47:15.853: [INFO] RecordSyncInitDuration has_sync_been_enabled: 0 state: 0
2026-04-16 17:47:15.854: [INFO] RecordSyncInitDuration has_sync_been_enabled: 0 state: 0
2026-04-16 17:47:15.855: [INFO] RecordSyncInitDuration has_sync_been_enabled: 0 state: 0
2026-04-16 17:47:15.855: [INFO] RecordSyncInitDuration has_sync_been_enabled: 0 state: 0
2026-04-16 17:47:15.856: [INFO] RecordSyncInitDuration has_sync_been_enabled: 0 state: 0
2026-04-16 17:47:15.857: [INFO] RecordSyncInitDuration has_sync_been_enabled: 0 state: 0
2026-04-16 17:47:15.858: [INFO] RecordSyncInitDuration has_sync_been_enabled: 0 state: 0
2026-04-16 17:47:15.859: [INFO] RecordSyncInitDuration has_sync_been_enabled: 0 state: 0
2026-04-16 17:47:15.860: [INFO] RecordSyncInitDuration has_sync_been_enabled: 0 state: 0
2026-04-16 17:47:15.860: [INFO] RecordSyncInitDuration has_sync_been_enabled: 0 state: 0
2026-04-16 17:47:15.861: [INFO] RecordSyncInitDuration has_sync_been_enabled: 0 state: 0
2026-04-16 17:47:15.862: [INFO] RecordSyncInitDuration has_sync_been_enabled: 0 state: 0
2026-04-16 17:47:15.871: [INFO] BookmarkModelLoaded, ids_reassigned: 0
2026-04-16 17:47:15.871: [INFO] OnDoneLoading sync enabled: 0
2026-04-16 17:47:15.876: [INFO] RecordSyncInitDuration has_sync_been_enabled: 0 state: 0
2026-04-16 17:47:17.762: [INFO] RecordSyncInitDuration has_sync_been_enabled: 0 state: 0
2026-04-16 17:47:17.773: [INFO] RecordSyncInitDuration has_sync_been_enabled: 0 state: 3
2026-04-16 17:47:17.782: [INFO] Primary account changed.
2026-04-16 17:47:17.782: [INFO] OnPrimaryAccountChanged PrimaryAccountChangeEvent::Type::kSet
2026-04-16 17:47:17.795: [INFO] RecordSyncInitDuration has_sync_been_enabled: 0 state: 3
2026-04-16 17:47:17.939: [INFO] RecordSyncInitDuration has_sync_been_enabled: 0 state: 3
2026-04-16 17:47:18.982: [INFO] BookmarkNodeAdded, ABU: 0
2026-04-16 17:47:18.983: [INFO] BookmarkNodeAdded, ABU: 0
2026-04-16 17:47:18.984: [INFO] BookmarkNodeAdded, ABU: 0
2026-04-16 17:47:18.985: [INFO] BookmarkNodeAdded, ABU: 0
2026-04-16 17:47:18.986: [INFO] BookmarkNodeAdded, ABU: 0
2026-04-16 17:47:18.987: [INFO] BookmarkNodeAdded, ABU: 0
2026-04-16 17:47:18.988: [INFO] BookmarkNodeAdded, ABU: 0
2026-04-16 17:47:18.989: [INFO] BookmarkNodeAdded, ABU: 0
2026-04-16 17:47:18.989: [INFO] BookmarkNodeAdded, ABU: 0
2026-04-16 17:47:18.991: [INFO] BookmarkNodeAdded, ABU: 0
2026-04-16 17:47:18.992: [INFO] BookmarkNodeAdded, ABU: 0
2026-04-16 17:47:18.993: [INFO] BookmarkNodeAdded, ABU: 0
2026-04-16 17:47:18.994: [INFO] BookmarkNodeAdded, ABU: 0
2026-04-16 17:47:18.995: [INFO] BookmarkNodeAdded, ABU: 0
2026-04-16 17:47:18.996: [INFO] BookmarkNodeAdded, ABU: 0
2026-04-16 17:47:18.998: [INFO] BookmarkNodeAdded, ABU: 0
2026-04-16 17:47:18.999: [INFO] BookmarkNodeAdded, ABU: 0
2026-04-16 17:47:19.000: [INFO] BookmarkNodeAdded, ABU: 0
2026-04-16 17:47:19.001: [INFO] BookmarkNodeAdded, ABU: 0
2026-04-16 17:47:19.003: [INFO] BookmarkNodeAdded, ABU: 0
2026-04-16 17:47:19.005: [INFO] BookmarkNodeAdded, ABU: 0
2026-04-16 17:47:19.006: [INFO] BookmarkNodeAdded, ABU: 0
2026-04-16 17:47:19.008: [INFO] BookmarkNodeAdded, ABU: 0
2026-04-16 17:47:19.009: [INFO] BookmarkNodeAdded, ABU: 0
2026-04-16 17:47:19.010: [INFO] BookmarkNodeAdded, ABU: 0
2026-04-16 17:47:19.011: [INFO] BookmarkNodeAdded, ABU: 0
2026-04-16 17:47:19.012: [INFO] BookmarkNodeAdded, ABU: 0
2026-04-16 17:47:19.013: [INFO] BookmarkNodeAdded, ABU: 0
2026-04-16 17:47:19.015: [INFO] BookmarkNodeAdded, ABU: 0
2026-04-16 17:47:19.016: [INFO] BookmarkNodeAdded, ABU: 0
2026-04-16 17:47:19.017: [INFO] BookmarkNodeAdded, ABU: 0
2026-04-16 17:47:19.018: [INFO] BookmarkNodeAdded, ABU: 0
2026-04-16 17:47:19.019: [INFO] BookmarkNodeAdded, ABU: 0
2026-04-16 17:47:19.021: [INFO] BookmarkNodeAdded, ABU: 0
2026-04-16 17:47:19.024: [INFO] BookmarkNodeAdded, ABU: 0
2026-04-16 17:47:19.025: [INFO] BookmarkNodeAdded, ABU: 0
2026-04-16 17:47:19.026: [INFO] BookmarkNodeAdded, ABU: 0
2026-04-16 17:47:19.027: [INFO] BookmarkNodeAdded, ABU: 0
2026-04-16 17:47:19.029: [INFO] BookmarkNodeAdded, ABU: 0
2026-04-16 17:47:19.030: [INFO] BookmarkNodeAdded, ABU: 0
2026-04-16 17:47:19.030: [INFO] BookmarkNodeAdded, ABU: 0
2026-04-16 17:47:19.031: [INFO] BookmarkNodeAdded, ABU: 0
2026-04-16 17:47:19.032: [INFO] BookmarkNodeAdded, ABU: 0
2026-04-16 17:47:19.033: [INFO] BookmarkNodeAdded, ABU: 0
2026-04-16 17:47:19.034: [INFO] BookmarkNodeAdded, ABU: 0
2026-04-16 17:47:19.034: [INFO] BookmarkNodeAdded, ABU: 0
2026-04-16 17:47:19.035: [INFO] BookmarkNodeAdded, ABU: 0
2026-04-16 17:47:19.036: [INFO] BookmarkNodeAdded, ABU: 0
2026-04-16 17:47:19.037: [INFO] BookmarkNodeAdded, ABU: 0
2026-04-16 17:47:19.039: [INFO] BookmarkNodeAdded, ABU: 0
2026-04-16 17:47:19.040: [INFO] BookmarkNodeAdded, ABU: 0
2026-04-16 17:47:19.041: [INFO] BookmarkNodeAdded, ABU: 0
2026-04-16 17:47:19.042: [INFO] BookmarkNodeAdded, ABU: 0
2026-04-16 17:47:19.043: [INFO] BookmarkNodeAdded, ABU: 0
2026-04-16 17:47:19.044: [INFO] BookmarkNodeAdded, ABU: 0
2026-04-16 17:47:19.046: [INFO] BookmarkNodeAdded, ABU: 0
2026-04-16 17:47:19.047: [INFO] BookmarkNodeAdded, ABU: 0
2026-04-16 17:47:19.048: [INFO] BookmarkNodeAdded, ABU: 0
2026-04-16 17:47:19.048: [INFO] BookmarkNodeAdded, ABU: 0
2026-04-16 17:47:19.049: [INFO] BookmarkNodeAdded, ABU: 0
2026-04-16 17:47:19.050: [INFO] BookmarkNodeAdded, ABU: 0
2026-04-16 17:47:19.051: [INFO] BookmarkNodeAdded, ABU: 0
2026-04-16 17:47:19.052: [INFO] BookmarkNodeAdded, ABU: 0
2026-04-16 17:47:19.053: [INFO] BookmarkNodeAdded, ABU: 0
2026-04-16 17:47:19.054: [INFO] BookmarkNodeAdded, ABU: 0
2026-04-16 17:47:19.056: [INFO] BookmarkNodeAdded, ABU: 0
2026-04-16 17:47:19.057: [INFO] BookmarkNodeAdded, ABU: 0
2026-04-16 17:47:19.058: [INFO] BookmarkNodeAdded, ABU: 0
2026-04-16 17:47:19.059: [INFO] BookmarkNodeAdded, ABU: 0
2026-04-16 17:47:19.060: [INFO] BookmarkNodeAdded, ABU: 0
2026-04-16 17:47:19.060: [INFO] BookmarkNodeAdded, ABU: 0
2026-04-16 17:47:19.061: [INFO] BookmarkNodeAdded, ABU: 0
2026-04-16 17:47:19.062: [INFO] BookmarkNodeAdded, ABU: 0
2026-04-16 17:47:19.064: [INFO] BookmarkNodeAdded, ABU: 0
2026-04-16 17:47:19.065: [INFO] BookmarkNodeAdded, ABU: 0
2026-04-16 17:47:19.066: [INFO] BookmarkNodeAdded, ABU: 0
2026-04-16 17:47:19.067: [INFO] BookmarkNodeAdded, ABU: 0
2026-04-16 17:47:19.068: [INFO] BookmarkNodeAdded, ABU: 0
2026-04-16 17:47:19.070: [INFO] BookmarkNodeAdded, ABU: 0
2026-04-16 17:47:19.071: [INFO] BookmarkNodeAdded, ABU: 0
2026-04-16 17:47:19.073: [INFO] BookmarkNodeAdded, ABU: 0
2026-04-16 17:47:19.074: [INFO] BookmarkNodeAdded, ABU: 0
2026-04-16 17:47:19.075: [INFO] BookmarkNodeAdded, ABU: 0
2026-04-16 17:47:19.077: [INFO] BookmarkNodeAdded, ABU: 0
2026-04-16 17:47:19.078: [INFO] BookmarkNodeAdded, ABU: 0
2026-04-16 17:48:46.560: [INFO] VisibilityChanged: 0
2026-04-16 17:48:46.589: [INFO] BookmarkModelLoaded, ids_reassigned: 0
2026-04-16 17:48:46.589: [INFO] OnDoneLoading sync enabled: 0
2026-04-16 17:48:46.593: [INFO] RecordSyncInitDuration has_sync_been_enabled: 0 state: 3
2026-04-16 17:48:46.614: [INFO] RecordSyncInitDuration has_sync_been_enabled: 0 state: 3
2026-04-16 17:48:46.695: [INFO] RecordSyncInitDuration has_sync_been_enabled: 0 state: 3
2026-04-16 17:48:47.041: [INFO] RecordSyncInitDuration has_sync_been_enabled: 0 state: 3
2026-04-16 17:48:47.044: [INFO] RecordSyncInitDuration has_sync_been_enabled: 0 state: 3
2026-04-16 17:48:47.047: [INFO] RecordSyncInitDuration has_sync_been_enabled: 0 state: 3
2026-04-16 17:48:47.051: [INFO] RecordSyncInitDuration has_sync_been_enabled: 0 state: 3
2026-04-16 17:48:47.053: [INFO] RecordSyncInitDuration has_sync_been_enabled: 0 state: 3
2026-04-16 17:48:47.056: [INFO] RecordSyncInitDuration has_sync_been_enabled: 0 state: 3
2026-04-16 17:48:47.058: [INFO] RecordSyncInitDuration has_sync_been_enabled: 0 state: 5
2026-04-16 17:48:47.061: [INFO] RecordSyncInitDuration has_sync_been_enabled: 0 state: 5
2026-04-16 17:48:50.153: [INFO] BookmarkNodeAdded, ABU: 0
2026-04-16 17:48:50.154: [INFO] BookmarkNodeAdded, ABU: 0
2026-04-16 17:48:50.155: [INFO] BookmarkNodeAdded, ABU: 0
2026-04-16 17:48:50.157: [INFO] BookmarkNodeAdded, ABU: 0
2026-04-16 17:48:50.158: [INFO] BookmarkNodeAdded, ABU: 0
2026-04-16 17:48:50.158: [INFO] BookmarkNodeAdded, ABU: 0
2026-04-16 17:48:50.159: [INFO] BookmarkNodeAdded, ABU: 0
2026-04-16 17:48:50.161: [INFO] BookmarkNodeAdded, ABU: 0
2026-04-16 17:48:50.161: [INFO] BookmarkNodeAdded, ABU: 0
2026-04-16 17:48:50.162: [INFO] BookmarkNodeAdded, ABU: 0
2026-04-16 17:48:50.163: [INFO] BookmarkNodeAdded, ABU: 0
2026-04-16 17:48:50.165: [INFO] BookmarkNodeAdded, ABU: 0
2026-04-16 17:48:50.167: [INFO] BookmarkNodeAdded, ABU: 0
2026-04-16 17:48:50.168: [INFO] BookmarkNodeAdded, ABU: 0
2026-04-16 17:48:50.169: [INFO] BookmarkNodeAdded, ABU: 0
2026-04-16 17:48:50.170: [INFO] BookmarkNodeAdded, ABU: 0
2026-04-16 17:48:50.171: [INFO] BookmarkNodeAdded, ABU: 0
2026-04-16 17:48:50.172: [INFO] BookmarkNodeAdded, ABU: 0
2026-04-16 17:48:50.173: [INFO] BookmarkNodeAdded, ABU: 0
2026-04-16 17:48:50.175: [INFO] BookmarkNodeAdded, ABU: 0
2026-04-16 17:48:50.176: [INFO] BookmarkNodeAdded, ABU: 0
2026-04-16 17:48:50.177: [INFO] BookmarkNodeAdded, ABU: 0
2026-04-16 17:48:50.178: [INFO] BookmarkNodeAdded, ABU: 0
2026-04-16 17:48:50.179: [INFO] BookmarkNodeAdded, ABU: 0
2026-04-16 17:48:50.180: [INFO] BookmarkNodeAdded, ABU: 0
2026-04-16 17:48:50.182: [INFO] BookmarkNodeAdded, ABU: 0
2026-04-16 17:48:50.183: [INFO] BookmarkNodeAdded, ABU: 0
2026-04-16 17:48:50.184: [INFO] BookmarkNodeAdded, ABU: 0
2026-04-16 17:48:50.185: [INFO] BookmarkNodeAdded, ABU: 0
2026-04-16 17:48:50.187: [INFO] BookmarkNodeAdded, ABU: 0
2026-04-16 17:48:50.188: [INFO] BookmarkNodeAdded, ABU: 0
2026-04-16 17:48:50.189: [INFO] BookmarkNodeAdded, ABU: 0
2026-04-16 17:48:50.190: [INFO] BookmarkNodeAdded, ABU: 0
2026-04-16 17:48:50.191: [INFO] BookmarkNodeAdded, ABU: 0
2026-04-16 17:48:50.192: [INFO] BookmarkNodeAdded, ABU: 0
2026-04-16 17:48:50.193: [INFO] BookmarkNodeAdded, ABU: 0
2026-04-16 17:48:50.195: [INFO] BookmarkNodeAdded, ABU: 0
2026-04-16 17:48:50.196: [INFO] BookmarkNodeAdded, ABU: 0
2026-04-16 17:48:50.197: [INFO] BookmarkNodeAdded, ABU: 0
2026-04-16 17:48:50.199: [INFO] BookmarkNodeAdded, ABU: 0
2026-04-16 17:48:50.200: [INFO] BookmarkNodeAdded, ABU: 0
2026-04-16 17:48:50.202: [INFO] BookmarkNodeAdded, ABU: 0
2026-04-16 17:48:50.203: [INFO] BookmarkNodeAdded, ABU: 0
2026-04-16 17:48:50.204: [INFO] BookmarkNodeAdded, ABU: 0
2026-04-16 17:48:50.205: [INFO] BookmarkNodeAdded, ABU: 0
2026-04-16 17:48:50.206: [INFO] BookmarkNodeAdded, ABU: 0
2026-04-16 17:48:50.208: [INFO] BookmarkNodeAdded, ABU: 0
2026-04-16 17:48:50.209: [INFO] BookmarkNodeAdded, ABU: 0
2026-04-16 17:48:50.210: [INFO] BookmarkNodeAdded, ABU: 0
2026-04-16 17:48:50.211: [INFO] BookmarkNodeAdded, ABU: 0
2026-04-16 17:48:50.213: [INFO] BookmarkNodeAdded, ABU: 0
2026-04-16 17:48:50.214: [INFO] BookmarkNodeAdded, ABU: 0
2026-04-16 17:48:50.216: [INFO] BookmarkNodeAdded, ABU: 0
2026-04-16 17:48:50.217: [INFO] BookmarkNodeAdded, ABU: 0
2026-04-16 17:48:50.218: [INFO] BookmarkNodeAdded, ABU: 0
2026-04-16 17:48:50.219: [INFO] BookmarkNodeAdded, ABU: 0
2026-04-16 17:48:50.220: [INFO] BookmarkNodeAdded, ABU: 0
2026-04-16 17:48:50.221: [INFO] BookmarkNodeAdded, ABU: 0
2026-04-16 17:48:50.222: [INFO] BookmarkNodeAdded, ABU: 0
2026-04-16 17:48:50.222: [INFO] BookmarkNodeAdded, ABU: 0
2026-04-16 17:48:50.223: [INFO] BookmarkNodeAdded, ABU: 0
2026-04-16 17:48:50.224: [INFO] BookmarkNodeAdded, ABU: 0
2026-04-16 17:48:50.225: [INFO] BookmarkNodeAdded, ABU: 0
2026-04-16 17:48:50.225: [INFO] BookmarkNodeAdded, ABU: 0
2026-04-16 17:48:50.226: [INFO] BookmarkNodeAdded, ABU: 0
2026-04-16 17:48:50.227: [INFO] BookmarkNodeAdded, ABU: 0
2026-04-16 17:48:50.228: [INFO] BookmarkNodeAdded, ABU: 0
2026-04-16 17:48:50.229: [INFO] BookmarkNodeAdded, ABU: 0
2026-04-16 17:48:50.230: [INFO] BookmarkNodeAdded, ABU: 0
2026-04-16 17:48:50.231: [INFO] BookmarkNodeAdded, ABU: 0
2026-04-16 17:48:50.232: [INFO] BookmarkNodeAdded, ABU: 0
2026-04-16 17:48:50.234: [INFO] BookmarkNodeAdded, ABU: 0
2026-04-16 17:48:50.235: [INFO] BookmarkNodeAdded, ABU: 0
2026-04-16 17:48:50.236: [INFO] BookmarkNodeAdded, ABU: 0
2026-04-16 17:48:50.237: [INFO] BookmarkNodeAdded, ABU: 0
2026-04-16 17:48:50.238: [INFO] BookmarkNodeAdded, ABU: 0
2026-04-16 17:48:50.239: [INFO] BookmarkNodeAdded, ABU: 0
2026-04-16 17:48:50.239: [INFO] BookmarkNodeAdded, ABU: 0
2026-04-16 17:48:50.240: [INFO] BookmarkNodeAdded, ABU: 0
2026-04-16 17:48:50.241: [INFO] BookmarkNodeAdded, ABU: 0
2026-04-16 17:48:50.241: [INFO] BookmarkNodeAdded, ABU: 0
2026-04-16 17:48:50.242: [INFO] BookmarkNodeAdded, ABU: 0
2026-04-16 17:48:50.243: [INFO] BookmarkNodeAdded, ABU: 0
2026-04-16 17:48:50.244: [INFO] BookmarkNodeAdded, ABU: 0
2026-04-16 17:48:50.244: [INFO] BookmarkNodeAdded, ABU: 0
2026-04-16 17:58:54.081: [INFO] VisibilityChanged: 0
2026-04-16 17:58:54.109: [INFO] BookmarkModelLoaded, ids_reassigned: 0
2026-04-16 17:58:54.109: [INFO] OnDoneLoading sync enabled: 0
2026-04-16 17:58:54.113: [INFO] RecordSyncInitDuration has_sync_been_enabled: 0 state: 3
2026-04-16 17:58:54.136: [INFO] RecordSyncInitDuration has_sync_been_enabled: 0 state: 3
2026-04-16 17:58:54.247: [INFO] RecordSyncInitDuration has_sync_been_enabled: 0 state: 3
2026-04-16 17:58:57.587: [INFO] BookmarkNodeAdded, ABU: 0
2026-04-16 17:58:57.589: [INFO] BookmarkNodeAdded, ABU: 0
2026-04-16 17:58:57.591: [INFO] BookmarkNodeAdded, ABU: 0
2026-04-16 17:58:57.593: [INFO] BookmarkNodeAdded, ABU: 0
2026-04-16 17:58:57.595: [INFO] BookmarkNodeAdded, ABU: 0
2026-04-16 17:58:57.595: [INFO] BookmarkNodeAdded, ABU: 0
2026-04-16 17:58:57.597: [INFO] BookmarkNodeAdded, ABU: 0
2026-04-16 17:58:57.598: [INFO] BookmarkNodeAdded, ABU: 0
2026-04-16 17:58:57.598: [INFO] BookmarkNodeAdded, ABU: 0
2026-04-16 17:58:57.600: [INFO] BookmarkNodeAdded, ABU: 0
2026-04-16 17:58:57.601: [INFO] BookmarkNodeAdded, ABU: 0
2026-04-16 17:58:57.604: [INFO] BookmarkNodeAdded, ABU: 0
2026-04-16 17:58:57.605: [INFO] BookmarkNodeAdded, ABU: 0
2026-04-16 17:58:57.607: [INFO] BookmarkNodeAdded, ABU: 0
2026-04-16 17:58:57.608: [INFO] BookmarkNodeAdded, ABU: 0
2026-04-16 17:58:57.610: [INFO] BookmarkNodeAdded, ABU: 0
2026-04-16 17:58:57.611: [INFO] BookmarkNodeAdded, ABU: 0
2026-04-16 17:58:57.613: [INFO] BookmarkNodeAdded, ABU: 0
2026-04-16 17:58:57.614: [INFO] BookmarkNodeAdded, ABU: 0
2026-04-16 17:58:57.615: [INFO] BookmarkNodeAdded, ABU: 0
2026-04-16 17:58:57.616: [INFO] BookmarkNodeAdded, ABU: 0
2026-04-16 17:58:57.618: [INFO] BookmarkNodeAdded, ABU: 0
2026-04-16 17:58:57.619: [INFO] BookmarkNodeAdded, ABU: 0
2026-04-16 17:58:57.620: [INFO] BookmarkNodeAdded, ABU: 0
2026-04-16 17:58:57.622: [INFO] BookmarkNodeAdded, ABU: 0
2026-04-16 17:58:57.623: [INFO] BookmarkNodeAdded, ABU: 0
2026-04-16 17:58:57.624: [INFO] BookmarkNodeAdded, ABU: 0
2026-04-16 17:58:57.626: [INFO] BookmarkNodeAdded, ABU: 0
2026-04-16 17:58:57.627: [INFO] BookmarkNodeAdded, ABU: 0
2026-04-16 17:58:57.628: [INFO] BookmarkNodeAdded, ABU: 0
2026-04-16 17:58:57.630: [INFO] BookmarkNodeAdded, ABU: 0
2026-04-16 17:58:57.631: [INFO] BookmarkNodeAdded, ABU: 0
2026-04-16 17:58:57.633: [INFO] BookmarkNodeAdded, ABU: 0
2026-04-16 17:58:57.634: [INFO] BookmarkNodeAdded, ABU: 0
2026-04-16 17:58:57.635: [INFO] BookmarkNodeAdded, ABU: 0
2026-04-16 17:58:57.637: [INFO] BookmarkNodeAdded, ABU: 0
2026-04-16 17:58:57.638: [INFO] BookmarkNodeAdded, ABU: 0
2026-04-16 17:58:57.639: [INFO] BookmarkNodeAdded, ABU: 0
2026-04-16 17:58:57.640: [INFO] BookmarkNodeAdded, ABU: 0
2026-04-16 17:58:57.641: [INFO] BookmarkNodeAdded, ABU: 0
2026-04-16 17:58:57.643: [INFO] BookmarkNodeAdded, ABU: 0
2026-04-16 17:58:57.645: [INFO] BookmarkNodeAdded, ABU: 0
2026-04-16 17:58:57.646: [INFO] BookmarkNodeAdded, ABU: 0
2026-04-16 17:58:57.648: [INFO] BookmarkNodeAdded, ABU: 0
2026-04-16 17:58:57.649: [INFO] BookmarkNodeAdded, ABU: 0
2026-04-16 17:58:57.650: [INFO] BookmarkNodeAdded, ABU: 0
2026-04-16 17:58:57.652: [INFO] BookmarkNodeAdded, ABU: 0
2026-04-16 17:58:57.653: [INFO] BookmarkNodeAdded, ABU: 0
2026-04-16 17:58:57.654: [INFO] BookmarkNodeAdded, ABU: 0
2026-04-16 17:58:57.656: [INFO] BookmarkNodeAdded, ABU: 0
2026-04-16 17:58:57.657: [INFO] BookmarkNodeAdded, ABU: 0
2026-04-16 17:58:57.658: [INFO] BookmarkNodeAdded, ABU: 0
2026-04-16 17:58:57.659: [INFO] BookmarkNodeAdded, ABU: 0
2026-04-16 17:58:57.661: [INFO] BookmarkNodeAdded, ABU: 0
2026-04-16 17:58:57.662: [INFO] BookmarkNodeAdded, ABU: 0
2026-04-16 17:58:57.663: [INFO] BookmarkNodeAdded, ABU: 0
2026-04-16 17:58:57.664: [INFO] BookmarkNodeAdded, ABU: 0
2026-04-16 17:58:57.665: [INFO] BookmarkNodeAdded, ABU: 0
2026-04-16 17:58:57.666: [INFO] BookmarkNodeAdded, ABU: 0
2026-04-16 17:58:57.667: [INFO] BookmarkNodeAdded, ABU: 0
2026-04-16 17:58:57.668: [INFO] BookmarkNodeAdded, ABU: 0
2026-04-16 17:58:57.669: [INFO] BookmarkNodeAdded, ABU: 0
2026-04-16 17:58:57.670: [INFO] BookmarkNodeAdded, ABU: 0
2026-04-16 17:58:57.671: [INFO] BookmarkNodeAdded, ABU: 0
2026-04-16 17:58:57.672: [INFO] BookmarkNodeAdded, ABU: 0
2026-04-16 17:58:57.674: [INFO] BookmarkNodeAdded, ABU: 0
2026-04-16 17:58:57.675: [INFO] BookmarkNodeAdded, ABU: 0
2026-04-16 17:58:57.676: [INFO] BookmarkNodeAdded, ABU: 0
2026-04-16 17:58:57.677: [INFO] BookmarkNodeAdded, ABU: 0
2026-04-16 17:58:57.678: [INFO] BookmarkNodeAdded, ABU: 0
2026-04-16 17:58:57.679: [INFO] BookmarkNodeAdded, ABU: 0
2026-04-16 17:58:57.680: [INFO] BookmarkNodeAdded, ABU: 0
2026-04-16 17:58:57.681: [INFO] BookmarkNodeAdded, ABU: 0
2026-04-16 17:58:57.682: [INFO] BookmarkNodeAdded, ABU: 0
2026-04-16 17:58:57.682: [INFO] BookmarkNodeAdded, ABU: 0
2026-04-16 17:58:57.683: [INFO] BookmarkNodeAdded, ABU: 0
2026-04-16 17:58:57.684: [INFO] BookmarkNodeAdded, ABU: 0
2026-04-16 17:58:57.685: [INFO] BookmarkNodeAdded, ABU: 0
2026-04-16 17:58:57.687: [INFO] BookmarkNodeAdded, ABU: 0
2026-04-16 17:58:57.688: [INFO] BookmarkNodeAdded, ABU: 0
2026-04-16 17:58:57.689: [INFO] BookmarkNodeAdded, ABU: 0
2026-04-16 17:58:57.690: [INFO] BookmarkNodeAdded, ABU: 0
2026-04-16 17:58:57.691: [INFO] BookmarkNodeAdded, ABU: 0
2026-04-16 17:58:57.692: [INFO] BookmarkNodeAdded, ABU: 0
2026-04-16 17:58:57.693: [INFO] BookmarkNodeAdded, ABU: 0
